<?xml version="1.0" encoding="UTF-8"?>
<!-- Generated by org.testng.reporters.JUnitReportReporter -->
<testsuite skipped="0" hostname="Yoganans" name="com.Testscripts.FbLoginTest" tests="1" failures="0" timestamp="10 May 2021 18:32:28 GMT" time="66.725" errors="0">
  <testcase name="task1" time="66.725" classname="com.Testscripts.FbLoginTest"/>
</testsuite> <!-- com.Testscripts.FbLoginTest -->
