<?xml version="1.0" encoding="UTF-8"?>
<!-- Generated by org.testng.reporters.JUnitReportReporter -->
<testsuite skipped="0" hostname="Yoganans" name="com.Testscripts.FbLoginTest" tests="1" failures="0" timestamp="10 May 2021 13:05:48 GMT" time="32.567" errors="0">
  <testcase name="task1" time="32.567" classname="com.Testscripts.FbLoginTest"/>
</testsuite> <!-- com.Testscripts.FbLoginTest -->
